<?xml version="1.0" encoding="UTF-8"?>
<testng-results ignored="0" total="2" passed="2" failed="0" skipped="0">
  <reporter-output>
  </reporter-output>
  <suite started-at="2022-03-03T13:35:01 CST" name="Default suite" finished-at="2022-03-03T13:35:14 CST" duration-ms="12645">
    <groups>
    </groups>
    <test started-at="2022-03-03T13:35:01 CST" name="Default test" finished-at="2022-03-03T13:35:14 CST" duration-ms="12645">
      <class name="tests.LoginTest">
        <test-method is-config="true" signature="setUp()[pri:0, instance:tests.LoginTest@c333c60]" started-at="2022-03-03T13:35:02 CST" name="setUp" finished-at="2022-03-03T13:35:06 CST" duration-ms="4557" status="PASS">
          <reporter-output>
          </reporter-output>
        </test-method> <!-- setUp -->
        <test-method signature="loginTest()[pri:0, instance:tests.LoginTest@c333c60]" started-at="2022-03-03T13:35:06 CST" name="loginTest" finished-at="2022-03-03T13:35:08 CST" duration-ms="1672" status="PASS">
          <reporter-output>
          </reporter-output>
        </test-method> <!-- loginTest -->
        <test-method is-config="true" signature="tearDown()[pri:0, instance:tests.LoginTest@c333c60]" started-at="2022-03-03T13:35:08 CST" name="tearDown" finished-at="2022-03-03T13:35:08 CST" duration-ms="736" status="PASS">
          <reporter-output>
          </reporter-output>
        </test-method> <!-- tearDown -->
        <test-method is-config="true" signature="setUp()[pri:0, instance:tests.LoginTest@c333c60]" started-at="2022-03-03T13:35:08 CST" name="setUp" finished-at="2022-03-03T13:35:12 CST" duration-ms="3063" status="PASS">
          <reporter-output>
          </reporter-output>
        </test-method> <!-- setUp -->
        <test-method signature="pageTitleTest()[pri:0, instance:tests.LoginTest@c333c60]" started-at="2022-03-03T13:35:12 CST" name="pageTitleTest" finished-at="2022-03-03T13:35:13 CST" duration-ms="1864" status="PASS">
          <reporter-output>
          </reporter-output>
        </test-method> <!-- pageTitleTest -->
        <test-method is-config="true" signature="tearDown()[pri:0, instance:tests.LoginTest@c333c60]" started-at="2022-03-03T13:35:13 CST" name="tearDown" finished-at="2022-03-03T13:35:14 CST" duration-ms="695" status="PASS">
          <reporter-output>
          </reporter-output>
        </test-method> <!-- tearDown -->
      </class> <!-- tests.LoginTest -->
    </test> <!-- Default test -->
  </suite> <!-- Default suite -->
</testng-results>
